# JRE version: Java(TM) SE Runtime Environment (8.0_121-b13) (build 1.8.0_121-b13)
# Java VM: Java HotSpot(TM) 64-Bit Server VM (25.121-b13 mixed mode windows-amd64 compressed oops)
Heap:
 PSYoungGen      total 214528K, used 195584K [0x00000000e0000000, 0x00000000ee580000, 0x0000000100000000)
  eden space 195584K, 100% used [0x00000000e0000000,0x00000000ebf00000,0x00000000ebf00000)
  from space 18944K, 0% used [0x00000000ebf00000,0x00000000ebf00000,0x00000000ed180000)
  to   space 17920K, 75% used [0x00000000ed400000,0x00000000ee137f90,0x00000000ee580000)
 ParOldGen       total 95232K, used 50169K [0x00000000a0000000, 0x00000000a5d00000, 0x00000000e0000000)
  object space 95232K, 52% used [0x00000000a0000000,0x00000000a30fe478,0x00000000a5d00000)
 Metaspace       used 58123K, capacity 60378K, committed 60416K, reserved 1101824K
  class space    used 7935K, capacity 8428K, committed 8448K, reserved 1048576K
GC Heap History (10 events):
Event: 11.300 GC heap after
Heap after GC invocations=13 (full 2):
 PSYoungGen      total 151552K, used 11262K [0x00000000e0000000, 0x00000000ede80000, 0x0000000100000000)
  eden space 140288K, 0% used [0x00000000e0000000,0x00000000e0000000,0x00000000e8900000)
  from space 11264K, 99% used [0x00000000e8900000,0x00000000e93ffae0,0x00000000e9400000)
  to   space 13312K, 0% used [0x00000000ed180000,0x00000000ed180000,0x00000000ede80000)
 ParOldGen       total 50176K, used 17765K [0x00000000a0000000, 0x00000000a3100000, 0x00000000e0000000)
  object space 50176K, 35% used [0x00000000a0000000,0x00000000a1159568,0x00000000a3100000)
 Metaspace       used 43605K, capacity 44568K, committed 44672K, reserved 1087488K
  class space    used 5963K, capacity 6226K, committed 6272K, reserved 1048576K
}
Event: 13.589 GC heap before
{Heap before GC invocations=14 (full 2):
 PSYoungGen      total 151552K, used 151550K [0x00000000e0000000, 0x00000000ede80000, 0x0000000100000000)
  eden space 140288K, 100% used [0x00000000e0000000,0x00000000e8900000,0x00000000e8900000)
  from space 11264K, 99% used [0x00000000e8900000,0x00000000e93ffae0,0x00000000e9400000)
  to   space 13312K, 0% used [0x00000000ed180000,0x00000000ed180000,0x00000000ede80000)
 ParOldGen       total 50176K, used 17765K [0x00000000a0000000, 0x00000000a3100000, 0x00000000e0000000)
  object space 50176K, 35% used [0x00000000a0000000,0x00000000a1159568,0x00000000a3100000)
 Metaspace       used 50118K, capacity 51612K, committed 51840K, reserved 1093632K
  class space    used 6934K, capacity 7272K, committed 7296K, reserved 1048576K
Event: 13.656 GC heap after
Heap after GC invocations=14 (full 2):
 PSYoungGen      total 208896K, used 13312K [0x00000000e0000000, 0x00000000ee780000, 0x0000000100000000)
  eden space 195584K, 0% used [0x00000000e0000000,0x00000000e0000000,0x00000000ebf00000)
  from space 13312K, 100% used [0x00000000ed180000,0x00000000ede80000,0x00000000ede80000)
  to   space 18944K, 0% used [0x00000000ebf00000,0x00000000ebf00000,0x00000000ed180000)
 ParOldGen       total 50176K, used 28297K [0x00000000a0000000, 0x00000000a3100000, 0x00000000e0000000)
  object space 50176K, 56% used [0x00000000a0000000,0x00000000a1ba25b8,0x00000000a3100000)
 Metaspace       used 50118K, capacity 51612K, committed 51840K, reserved 1093632K
  class space    used 6934K, capacity 7272K, committed 7296K, reserved 1048576K
}
Event: 15.027 GC heap before
{Heap before GC invocations=15 (full 2):
 PSYoungGen      total 208896K, used 71091K [0x00000000e0000000, 0x00000000ee780000, 0x0000000100000000)
  eden space 195584K, 29% used [0x00000000e0000000,0x00000000e386cc00,0x00000000ebf00000)
  from space 13312K, 100% used [0x00000000ed180000,0x00000000ede80000,0x00000000ede80000)
  to   space 18944K, 0% used [0x00000000ebf00000,0x00000000ebf00000,0x00000000ed180000)
 ParOldGen       total 50176K, used 28297K [0x00000000a0000000, 0x00000000a3100000, 0x00000000e0000000)
  object space 50176K, 56% used [0x00000000a0000000,0x00000000a1ba25b8,0x00000000a3100000)
 Metaspace       used 51934K, capacity 53868K, committed 54144K, reserved 1095680K
  class space    used 7265K, capacity 7709K, committed 7808K, reserved 1048576K
Event: 15.054 GC heap after
Heap after GC invocations=15 (full 2):
 PSYoungGen      total 214528K, used 7147K [0x00000000e0000000, 0x00000000ee580000, 0x0000000100000000)
  eden space 195584K, 0% used [0x00000000e0000000,0x00000000e0000000,0x00000000ebf00000)
  from space 18944K, 37% used [0x00000000ebf00000,0x00000000ec5faf10,0x00000000ed180000)
  to   space 17920K, 0% used [0x00000000ed400000,0x00000000ed400000,0x00000000ee580000)
 ParOldGen       total 50176K, used 41406K [0x00000000a0000000, 0x00000000a3100000, 0x00000000e0000000)
  object space 50176K, 82% used [0x00000000a0000000,0x00000000a286faf0,0x00000000a3100000)
 Metaspace       used 51934K, capacity 53868K, committed 54144K, reserved 1095680K
  class space    used 7265K, capacity 7709K, committed 7808K, reserved 1048576K
}
Event: 15.054 GC heap before
{Heap before GC invocations=16 (full 3):
 PSYoungGen      total 214528K, used 7147K [0x00000000e0000000, 0x00000000ee580000, 0x0000000100000000)
  eden space 195584K, 0% used [0x00000000e0000000,0x00000000e0000000,0x00000000ebf00000)
  from space 18944K, 37% used [0x00000000ebf00000,0x00000000ec5faf10,0x00000000ed180000)
  to   space 17920K, 0% used [0x00000000ed400000,0x00000000ed400000,0x00000000ee580000)
 ParOldGen       total 50176K, used 41406K [0x00000000a0000000, 0x00000000a3100000, 0x00000000e0000000)
  object space 50176K, 82% used [0x00000000a0000000,0x00000000a286faf0,0x00000000a3100000)
 Metaspace       used 51934K, capacity 53868K, committed 54144K, reserved 1095680K
  class space    used 7265K, capacity 7709K, committed 7808K, reserved 1048576K
Event: 15.466 GC heap after
Heap after GC invocations=16 (full 3):
 PSYoungGen      total 214528K, used 0K [0x00000000e0000000, 0x00000000ee580000, 0x0000000100000000)
  eden space 195584K, 0% used [0x00000000e0000000,0x00000000e0000000,0x00000000ebf00000)
  from space 18944K, 0% used [0x00000000ebf00000,0x00000000ebf00000,0x00000000ed180000)
  to   space 17920K, 0% used [0x00000000ed400000,0x00000000ed400000,0x00000000ee580000)
 ParOldGen       total 50176K, used 40297K [0x00000000a0000000, 0x00000000a3100000, 0x00000000e0000000)
  object space 50176K, 80% used [0x00000000a0000000,0x00000000a275a4f0,0x00000000a3100000)
 Metaspace       used 51934K, capacity 53868K, committed 54144K, reserved 1095680K
  class space    used 7265K, capacity 7709K, committed 7808K, reserved 1048576K
}
Event: 32.548 GC heap before
{Heap before GC invocations=17 (full 4):
 PSYoungGen      total 214528K, used 195584K [0x00000000e0000000, 0x00000000ee580000, 0x0000000100000000)
  eden space 195584K, 100% used [0x00000000e0000000,0x00000000ebf00000,0x00000000ebf00000)
  from space 18944K, 0% used [0x00000000ebf00000,0x00000000ebf00000,0x00000000ed180000)
  to   space 17920K, 0% used [0x00000000ed400000,0x00000000ed400000,0x00000000ee580000)
 ParOldGen       total 50176K, used 40297K [0x00000000a0000000, 0x00000000a3100000, 0x00000000e0000000)
  object space 50176K, 80% used [0x00000000a0000000,0x00000000a275a4f0,0x00000000a3100000)
 Metaspace       used 56063K, capacity 58194K, committed 58368K, reserved 1099776K
  class space    used 7706K, capacity 8174K, committed 8192K, reserved 1048576K
Event: 33.081 GC heap after
Heap after GC invocations=17 (full 4):
 PSYoungGen      total 214528K, used 3584K [0x00000000e0000000, 0x00000000ee580000, 0x0000000100000000)
  eden space 195584K, 1% used [0x00000000e0000000,0x00000000e0380018,0x00000000ebf00000)
  from space 18944K, 0% used [0x00000000ebf00000,0x00000000ebf00000,0x00000000ed180000)
  to   space 17920K, 0% used [0x00000000ed400000,0x00000000ed400000,0x00000000ee580000)
 ParOldGen       total 95232K, used 50161K [0x00000000a0000000, 0x00000000a5d00000, 0x00000000e0000000)
  object space 95232K, 52% used [0x00000000a0000000,0x00000000a30fc478,0x00000000a5d00000)
 Metaspace       used 56063K, capacity 58194K, committed 58368K, reserved 1099776K
  class space    used 7706K, capacity 8174K, committed 8192K, reserved 1048576K
}
Event: 45.194 GC heap before
{Heap before GC invocations=18 (full 4):
 PSYoungGen      total 214528K, used 195584K [0x00000000e0000000, 0x00000000ee580000, 0x0000000100000000)
  eden space 195584K, 100% used [0x00000000e0000000,0x00000000ebf00000,0x00000000ebf00000)
  from space 18944K, 0% used [0x00000000ebf00000,0x00000000ebf00000,0x00000000ed180000)
  to   space 17920K, 0% used [0x00000000ed400000,0x00000000ed400000,0x00000000ee580000)
 ParOldGen       total 95232K, used 50161K [0x00000000a0000000, 0x00000000a5d00000, 0x00000000e0000000)
  object space 95232K, 52% used [0x00000000a0000000,0x00000000a30fc478,0x00000000a5d00000)
 Metaspace       used 58123K, capacity 60378K, committed 60416K, reserved 1101824K
  class space    used 7935K, capacity 8428K, committed 8448K, reserved 1048576K

