# JRE version: Java(TM) SE Runtime Environment (8.0_121-b13) (build 1.8.0_121-b13)
# Java VM: Java HotSpot(TM) 64-Bit Server VM (25.121-b13 mixed mode windows-amd64 compressed oops)
Heap:
 PSYoungGen      total 159744K, used 159723K [0x00000000e0000000, 0x00000000eae00000, 0x0000000100000000)
  eden space 148480K, 100% used [0x00000000e0000000,0x00000000e9100000,0x00000000e9100000)
  from space 11264K, 99% used [0x00000000e9d80000,0x00000000ea87ac38,0x00000000ea880000)
  to   space 12800K, 55% used [0x00000000e9100000,0x00000000e97f06d8,0x00000000e9d80000)
 ParOldGen       total 130048K, used 103634K [0x00000000a0000000, 0x00000000a7f00000, 0x00000000e0000000)
  object space 130048K, 79% used [0x00000000a0000000,0x00000000a65348f0,0x00000000a7f00000)
 Metaspace       used 49206K, capacity 50608K, committed 50816K, reserved 1093632K
  class space    used 6710K, capacity 6998K, committed 7040K, reserved 1048576K
GC Heap History (10 events):
Event: 5.200 GC heap after
Heap after GC invocations=8 (full 1):
 PSYoungGen      total 74240K, used 7730K [0x00000000e0000000, 0x00000000e7f00000, 0x0000000100000000)
  eden space 65536K, 0% used [0x00000000e0000000,0x00000000e0000000,0x00000000e4000000)
  from space 8704K, 88% used [0x00000000e4000000,0x00000000e478cb28,0x00000000e4880000)
  to   space 9728K, 0% used [0x00000000e7580000,0x00000000e7580000,0x00000000e7f00000)
 ParOldGen       total 34816K, used 8367K [0x00000000a0000000, 0x00000000a2200000, 0x00000000e0000000)
  object space 34816K, 24% used [0x00000000a0000000,0x00000000a082bf78,0x00000000a2200000)
 Metaspace       used 25931K, capacity 26492K, committed 26624K, reserved 1073152K
  class space    used 3639K, capacity 3784K, committed 3840K, reserved 1048576K
}
Event: 6.336 GC heap before
{Heap before GC invocations=9 (full 1):
 PSYoungGen      total 74240K, used 73266K [0x00000000e0000000, 0x00000000e7f00000, 0x0000000100000000)
  eden space 65536K, 100% used [0x00000000e0000000,0x00000000e4000000,0x00000000e4000000)
  from space 8704K, 88% used [0x00000000e4000000,0x00000000e478cb28,0x00000000e4880000)
  to   space 9728K, 0% used [0x00000000e7580000,0x00000000e7580000,0x00000000e7f00000)
 ParOldGen       total 34816K, used 8367K [0x00000000a0000000, 0x00000000a2200000, 0x00000000e0000000)
  object space 34816K, 24% used [0x00000000a0000000,0x00000000a082bf78,0x00000000a2200000)
 Metaspace       used 28418K, capacity 29044K, committed 29312K, reserved 1075200K
  class space    used 3974K, capacity 4140K, committed 4224K, reserved 1048576K
Event: 6.371 GC heap after
Heap after GC invocations=9 (full 1):
 PSYoungGen      total 117248K, used 5991K [0x00000000e0000000, 0x00000000e7d00000, 0x0000000100000000)
  eden space 109568K, 0% used [0x00000000e0000000,0x00000000e0000000,0x00000000e6b00000)
  from space 7680K, 78% used [0x00000000e7580000,0x00000000e7b59e08,0x00000000e7d00000)
  to   space 9216K, 0% used [0x00000000e6b00000,0x00000000e6b00000,0x00000000e7400000)
 ParOldGen       total 34816K, used 8367K [0x00000000a0000000, 0x00000000a2200000, 0x00000000e0000000)
  object space 34816K, 24% used [0x00000000a0000000,0x00000000a082bf78,0x00000000a2200000)
 Metaspace       used 28418K, capacity 29044K, committed 29312K, reserved 1075200K
  class space    used 3974K, capacity 4140K, committed 4224K, reserved 1048576K
}
Event: 8.621 GC heap before
{Heap before GC invocations=10 (full 1):
 PSYoungGen      total 117248K, used 78648K [0x00000000e0000000, 0x00000000e7d00000, 0x0000000100000000)
  eden space 109568K, 66% used [0x00000000e0000000,0x00000000e46f42f0,0x00000000e6b00000)
  from space 7680K, 78% used [0x00000000e7580000,0x00000000e7b59e08,0x00000000e7d00000)
  to   space 9216K, 0% used [0x00000000e6b00000,0x00000000e6b00000,0x00000000e7400000)
 ParOldGen       total 34816K, used 8367K [0x00000000a0000000, 0x00000000a2200000, 0x00000000e0000000)
  object space 34816K, 24% used [0x00000000a0000000,0x00000000a082bf78,0x00000000a2200000)
 Metaspace       used 34546K, capacity 35230K, committed 35456K, reserved 1079296K
  class space    used 4699K, capacity 4884K, committed 4992K, reserved 1048576K
Event: 8.639 GC heap after
Heap after GC invocations=10 (full 1):
 PSYoungGen      total 118784K, used 9215K [0x00000000e0000000, 0x00000000ea880000, 0x0000000100000000)
  eden space 109568K, 0% used [0x00000000e0000000,0x00000000e0000000,0x00000000e6b00000)
  from space 9216K, 99% used [0x00000000e6b00000,0x00000000e73ffc68,0x00000000e7400000)
  to   space 11264K, 0% used [0x00000000e9d80000,0x00000000e9d80000,0x00000000ea880000)
 ParOldGen       total 34816K, used 9921K [0x00000000a0000000, 0x00000000a2200000, 0x00000000e0000000)
  object space 34816K, 28% used [0x00000000a0000000,0x00000000a09b0720,0x00000000a2200000)
 Metaspace       used 34546K, capacity 35230K, committed 35456K, reserved 1079296K
  class space    used 4699K, capacity 4884K, committed 4992K, reserved 1048576K
}
Event: 8.639 GC heap before
{Heap before GC invocations=11 (full 2):
 PSYoungGen      total 118784K, used 9215K [0x00000000e0000000, 0x00000000ea880000, 0x0000000100000000)
  eden space 109568K, 0% used [0x00000000e0000000,0x00000000e0000000,0x00000000e6b00000)
  from space 9216K, 99% used [0x00000000e6b00000,0x00000000e73ffc68,0x00000000e7400000)
  to   space 11264K, 0% used [0x00000000e9d80000,0x00000000e9d80000,0x00000000ea880000)
 ParOldGen       total 34816K, used 9921K [0x00000000a0000000, 0x00000000a2200000, 0x00000000e0000000)
  object space 34816K, 28% used [0x00000000a0000000,0x00000000a09b0720,0x00000000a2200000)
 Metaspace       used 34546K, capacity 35230K, committed 35456K, reserved 1079296K
  class space    used 4699K, capacity 4884K, committed 4992K, reserved 1048576K
Event: 8.717 GC heap after
Heap after GC invocations=11 (full 2):
 PSYoungGen      total 118784K, used 0K [0x00000000e0000000, 0x00000000ea880000, 0x0000000100000000)
  eden space 109568K, 0% used [0x00000000e0000000,0x00000000e0000000,0x00000000e6b00000)
  from space 9216K, 0% used [0x00000000e6b00000,0x00000000e6b00000,0x00000000e7400000)
  to   space 11264K, 0% used [0x00000000e9d80000,0x00000000e9d80000,0x00000000ea880000)
 ParOldGen       total 51712K, used 18049K [0x00000000a0000000, 0x00000000a3280000, 0x00000000e0000000)
  object space 51712K, 34% used [0x00000000a0000000,0x00000000a11a0430,0x00000000a3280000)
 Metaspace       used 34520K, capacity 35142K, committed 35456K, reserved 1079296K
  class space    used 4691K, capacity 4876K, committed 4992K, reserved 1048576K
}
Event: 10.691 GC heap before
{Heap before GC invocations=12 (full 2):
 PSYoungGen      total 118784K, used 109568K [0x00000000e0000000, 0x00000000ea880000, 0x0000000100000000)
  eden space 109568K, 100% used [0x00000000e0000000,0x00000000e6b00000,0x00000000e6b00000)
  from space 9216K, 0% used [0x00000000e6b00000,0x00000000e6b00000,0x00000000e7400000)
  to   space 11264K, 0% used [0x00000000e9d80000,0x00000000e9d80000,0x00000000ea880000)
 ParOldGen       total 51712K, used 18049K [0x00000000a0000000, 0x00000000a3280000, 0x00000000e0000000)
  object space 51712K, 34% used [0x00000000a0000000,0x00000000a11a0430,0x00000000a3280000)
 Metaspace       used 44187K, capacity 45086K, committed 45440K, reserved 1089536K
  class space    used 6007K, capacity 6207K, committed 6272K, reserved 1048576K
Event: 10.772 GC heap after
Heap after GC invocations=12 (full 2):
 PSYoungGen      total 159744K, used 11243K [0x00000000e0000000, 0x00000000eae00000, 0x0000000100000000)
  eden space 148480K, 0% used [0x00000000e0000000,0x00000000e0000000,0x00000000e9100000)
  from space 11264K, 99% used [0x00000000e9d80000,0x00000000ea87ac38,0x00000000ea880000)
  to   space 12800K, 0% used [0x00000000e9100000,0x00000000e9100000,0x00000000e9d80000)
 ParOldGen       total 51712K, used 18384K [0x00000000a0000000, 0x00000000a3280000, 0x00000000e0000000)
  object space 51712K, 35% used [0x00000000a0000000,0x00000000a11f43c0,0x00000000a3280000)
 Metaspace       used 44187K, capacity 45086K, committed 45440K, reserved 1089536K
  class space    used 6007K, capacity 6207K, committed 6272K, reserved 1048576K
}
Event: 12.960 GC heap before
{Heap before GC invocations=13 (full 2):
 PSYoungGen      total 159744K, used 159723K [0x00000000e0000000, 0x00000000eae00000, 0x0000000100000000)
  eden space 148480K, 100% used [0x00000000e0000000,0x00000000e9100000,0x00000000e9100000)
  from space 11264K, 99% used [0x00000000e9d80000,0x00000000ea87ac38,0x00000000ea880000)
  to   space 12800K, 0% used [0x00000000e9100000,0x00000000e9100000,0x00000000e9d80000)
 ParOldGen       total 51712K, used 18384K [0x00000000a0000000, 0x00000000a3280000, 0x00000000e0000000)
  object space 51712K, 35% used [0x00000000a0000000,0x00000000a11f43c0,0x00000000a3280000)
 Metaspace       used 49206K, capacity 50608K, committed 50816K, reserved 1093632K
  class space    used 6710K, capacity 6998K, committed 7040K, reserved 1048576K

